0 info it worked if it ends with ok
1 verbose cli [ 'node',
1 verbose cli   '/usr/local/bin/npm',
1 verbose cli   'install',
1 verbose cli   'jasmine-chai',
1 verbose cli   '--save' ]
2 info using npm@2.12.1
3 info using node@v0.12.7
4 verbose node symlink /usr/local/bin/node
5 verbose install initial load of /Users/michaelakbaraly/Dev/workspace/webf/kaching/ka-ching-front/package.json
6 verbose installManyTop reading scoped package data from /Users/michaelakbaraly/Dev/workspace/webf/kaching/ka-ching-front/node_modules/chai/package.json
7 verbose installManyTop reading scoped package data from /Users/michaelakbaraly/Dev/workspace/webf/kaching/ka-ching-front/node_modules/eslint/package.json
8 verbose installManyTop reading scoped package data from /Users/michaelakbaraly/Dev/workspace/webf/kaching/ka-ching-front/node_modules/gulp/package.json
9 verbose installManyTop reading scoped package data from /Users/michaelakbaraly/Dev/workspace/webf/kaching/ka-ching-front/node_modules/gulp-angular-templatecache/package.json
10 verbose installManyTop reading scoped package data from /Users/michaelakbaraly/Dev/workspace/webf/kaching/ka-ching-front/node_modules/gulp-connect/package.json
11 verbose installManyTop reading scoped package data from /Users/michaelakbaraly/Dev/workspace/webf/kaching/ka-ching-front/node_modules/gulp-eslint/package.json
12 verbose installManyTop reading scoped package data from /Users/michaelakbaraly/Dev/workspace/webf/kaching/ka-ching-front/node_modules/gulp-karma/package.json
13 verbose installManyTop reading scoped package data from /Users/michaelakbaraly/Dev/workspace/webf/kaching/ka-ching-front/node_modules/gulp-minify-css/package.json
14 verbose installManyTop reading scoped package data from /Users/michaelakbaraly/Dev/workspace/webf/kaching/ka-ching-front/node_modules/gulp-sass/package.json
15 verbose installManyTop reading scoped package data from /Users/michaelakbaraly/Dev/workspace/webf/kaching/ka-ching-front/node_modules/gulp-uglify/package.json
16 verbose installManyTop reading scoped package data from /Users/michaelakbaraly/Dev/workspace/webf/kaching/ka-ching-front/node_modules/gulp-usemin/package.json
17 verbose installManyTop reading scoped package data from /Users/michaelakbaraly/Dev/workspace/webf/kaching/ka-ching-front/node_modules/jasmine-core/package.json
18 verbose installManyTop reading scoped package data from /Users/michaelakbaraly/Dev/workspace/webf/kaching/ka-ching-front/node_modules/jasmine-only/package.json
19 verbose installManyTop reading scoped package data from /Users/michaelakbaraly/Dev/workspace/webf/kaching/ka-ching-front/node_modules/jasmine-sinon/package.json
20 verbose installManyTop reading scoped package data from /Users/michaelakbaraly/Dev/workspace/webf/kaching/ka-ching-front/node_modules/karma/package.json
21 verbose installManyTop reading scoped package data from /Users/michaelakbaraly/Dev/workspace/webf/kaching/ka-ching-front/node_modules/karma-chai/package.json
22 verbose installManyTop reading scoped package data from /Users/michaelakbaraly/Dev/workspace/webf/kaching/ka-ching-front/node_modules/karma-jasmine/package.json
23 verbose installManyTop reading scoped package data from /Users/michaelakbaraly/Dev/workspace/webf/kaching/ka-ching-front/node_modules/karma-phantomjs-launcher/package.json
24 verbose installManyTop reading scoped package data from /Users/michaelakbaraly/Dev/workspace/webf/kaching/ka-ching-front/node_modules/karma-sinon/package.json
25 verbose installManyTop reading scoped package data from /Users/michaelakbaraly/Dev/workspace/webf/kaching/ka-ching-front/node_modules/node-sass/package.json
26 verbose installManyTop reading scoped package data from /Users/michaelakbaraly/Dev/workspace/webf/kaching/ka-ching-front/node_modules/phantomjs/package.json
27 verbose installManyTop reading scoped package data from /Users/michaelakbaraly/Dev/workspace/webf/kaching/ka-ching-front/node_modules/sinon/package.json
28 info package.json gulp-eslint@0.15.0 No license field.
29 info package.json jasmine-sinon@0.4.0 license should be a valid SPDX license expression
30 info package.json karma-sinon@1.0.4 No license field.
31 info package.json jasmine-only@0.1.1 No license field.
32 verbose readDependencies loading dependencies from /Users/michaelakbaraly/Dev/workspace/webf/kaching/ka-ching-front/package.json
33 silly cache add args [ 'jasmine-chai', null ]
34 verbose cache add spec jasmine-chai
35 silly cache add parsed spec { raw: 'jasmine-chai',
35 silly cache add   scope: null,
35 silly cache add   name: 'jasmine-chai',
35 silly cache add   rawSpec: '',
35 silly cache add   spec: '*',
35 silly cache add   type: 'range' }
36 silly addNamed jasmine-chai@*
37 verbose addNamed "*" is a valid semver range for jasmine-chai
38 silly addNameRange { name: 'jasmine-chai', range: '*', hasData: false }
39 silly mapToRegistry name jasmine-chai
40 silly mapToRegistry using default registry
41 silly mapToRegistry registry https://registry.npmjs.org/
42 silly mapToRegistry uri https://registry.npmjs.org/jasmine-chai
43 verbose addNameRange registry:https://registry.npmjs.org/jasmine-chai not in flight; fetching
44 verbose request uri https://registry.npmjs.org/jasmine-chai
45 verbose request no auth needed
46 info attempt registry request try #1 at 14:06:59
47 verbose request id 4f3ce80c4962a842
48 http request GET https://registry.npmjs.org/jasmine-chai
49 http 404 https://registry.npmjs.org/jasmine-chai
50 verbose headers { 'content-type': 'application/json',
50 verbose headers   'cache-control': 'max-age=0',
50 verbose headers   'content-length': '2',
50 verbose headers   'accept-ranges': 'bytes',
50 verbose headers   date: 'Wed, 09 Sep 2015 12:07:00 GMT',
50 verbose headers   via: '1.1 varnish',
50 verbose headers   age: '0',
50 verbose headers   connection: 'keep-alive',
50 verbose headers   'x-served-by': 'cache-ams4134-AMS',
50 verbose headers   'x-cache': 'MISS',
50 verbose headers   'x-cache-hits': '0',
50 verbose headers   'x-timer': 'S1441800420.106964,VS0,VE682' }
51 silly get cb [ 404,
51 silly get   { 'content-type': 'application/json',
51 silly get     'cache-control': 'max-age=0',
51 silly get     'content-length': '2',
51 silly get     'accept-ranges': 'bytes',
51 silly get     date: 'Wed, 09 Sep 2015 12:07:00 GMT',
51 silly get     via: '1.1 varnish',
51 silly get     age: '0',
51 silly get     connection: 'keep-alive',
51 silly get     'x-served-by': 'cache-ams4134-AMS',
51 silly get     'x-cache': 'MISS',
51 silly get     'x-cache-hits': '0',
51 silly get     'x-timer': 'S1441800420.106964,VS0,VE682' } ]
52 verbose stack Error: Registry returned 404 for GET on https://registry.npmjs.org/jasmine-chai
52 verbose stack     at CachingRegistryClient.<anonymous> (/usr/local/lib/node_modules/npm/node_modules/npm-registry-client/lib/request.js:239:14)
52 verbose stack     at Request._callback (/usr/local/lib/node_modules/npm/node_modules/npm-registry-client/lib/request.js:170:14)
52 verbose stack     at Request.self.callback (/usr/local/lib/node_modules/npm/node_modules/request/request.js:197:22)
52 verbose stack     at Request.emit (events.js:110:17)
52 verbose stack     at Request.<anonymous> (/usr/local/lib/node_modules/npm/node_modules/request/request.js:1050:14)
52 verbose stack     at Request.emit (events.js:129:20)
52 verbose stack     at IncomingMessage.<anonymous> (/usr/local/lib/node_modules/npm/node_modules/request/request.js:996:12)
52 verbose stack     at IncomingMessage.emit (events.js:129:20)
52 verbose stack     at _stream_readable.js:908:16
52 verbose stack     at process._tickCallback (node.js:355:11)
53 verbose statusCode 404
54 verbose pkgid jasmine-chai
55 verbose cwd /Users/michaelakbaraly/Dev/workspace/webf/kaching/ka-ching-front
56 error Darwin 14.5.0
57 error argv "node" "/usr/local/bin/npm" "install" "jasmine-chai" "--save"
58 error node v0.12.7
59 error npm  v2.12.1
60 error code E404
61 error 404 Registry returned 404 for GET on https://registry.npmjs.org/jasmine-chai
61 error 404
61 error 404 'jasmine-chai' is not in the npm registry.
61 error 404 You should bug the author to publish it (or use the name yourself!)
61 error 404 It was specified as a dependency of 'ka-ching-front'
61 error 404
61 error 404 Note that you can also install from a
61 error 404 tarball, folder, http url, or git url.
62 verbose exit [ 1, true ]
